[10/07/2017 14:21:48] ===================== STARTING =====================
[10/07/2017 14:21:48] ====================== ENDING ======================
[10/07/2017 14:22:06] ===================== STARTING =====================
[10/07/2017 14:22:06] ====================== ENDING ======================
[10/07/2017 14:22:33] ===================== STARTING =====================
[10/07/2017 14:22:33] Hello World
[10/07/2017 14:22:33] ====================== ENDING ======================
[10/07/2017 14:27:48] ===================== STARTING =====================
[10/07/2017 14:27:48] Hello World
[10/07/2017 14:27:48] ====================== ENDING ======================
[10/07/2017 14:33:30] ===================== STARTING =====================
[10/07/2017 14:33:58] ===================== STARTING =====================
[10/07/2017 14:33:58]  URI: /test/user/24 : { App.php @ 282 }<br>

[10/07/2017 14:33:58]  CONTROLLER (FILE): /home/ubuntu/workspace/Core/../Mike/App/Controllers/Test.php : { App.php @ 290 }<br>

[10/07/2017 14:33:58]  CONTROLLER (CLASS): \DryMile\Mike\TestController : { App.php @ 298 }<br>

[10/07/2017 14:33:58]  CONTROLLER (CREATED) : { App.php @ 301 }<br>

[10/07/2017 14:33:58]  Base Route: test : { App.php @ 304 }<br>

[10/07/2017 14:33:58]  Language File: /home/ubuntu/workspace/Core/../Mike/Language/en/_common.php : { View.php @ 110 }<br>

[10/07/2017 14:33:58]  Language File: /home/ubuntu/workspace/Core/../Mike/Language/en/Test.php : { View.php @ 110 }<br>

[10/07/2017 14:33:58]  Routing: GET:/test/user/{:id} to Object(DryMile\Mike\TestController)@user : { Router.php @ 56 }<br>

[10/07/2017 14:33:58] Hello World
[10/07/2017 14:33:58]  END : { index.php @ 81 }<br>

[10/07/2017 14:33:58] ====================== ENDING ======================
[10/07/2017 14:36:21] ===================== STARTING =====================
[10/07/2017 14:36:21]  URI: /test/user/24 : { App.php @ 282 }<br>
[10/07/2017 14:36:21]  CONTROLLER (FILE): /home/ubuntu/workspace/Core/../Mike/App/Controllers/Test.php : { App.php @ 290 }<br>
[10/07/2017 14:36:21]  CONTROLLER (CLASS): \DryMile\Mike\TestController : { App.php @ 298 }<br>
[10/07/2017 14:36:21]  CONTROLLER (CREATED) : { App.php @ 301 }<br>
[10/07/2017 14:36:21]  Base Route: test : { App.php @ 304 }<br>
[10/07/2017 14:36:21]  Language File: /home/ubuntu/workspace/Core/../Mike/Language/en/_common.php : { View.php @ 110 }<br>
[10/07/2017 14:36:21]  Language File: /home/ubuntu/workspace/Core/../Mike/Language/en/Test.php : { View.php @ 110 }<br>
[10/07/2017 14:36:21]  Routing: GET:/test/user/{:id} to Object(DryMile\Mike\TestController)@user : { Router.php @ 56 }<br>
[10/07/2017 14:36:21] Hello World
[10/07/2017 14:36:21]  END : { index.php @ 81 }<br>
[10/07/2017 14:36:21] ====================== ENDING ======================
